{"/Users/apetsiampiah/Documents/Projects/swift-wallet/server.js": {"path":"/Users/apetsiampiah/Documents/Projects/swift-wallet/server.js","statementMap":{"0":{"start":{"line":1,"column":16},"end":{"line":1,"column":34}},"1":{"start":{"line":2,"column":12},"end":{"line":2,"column":21}},"2":{"start":{"line":4,"column":23},"end":{"line":4,"column":59}},"3":{"start":{"line":5,"column":22},"end":{"line":5,"column":57}},"4":{"start":{"line":6,"column":27},"end":{"line":6,"column":67}},"5":{"start":{"line":7,"column":13},"end":{"line":7,"column":46}},"6":{"start":{"line":9,"column":27},"end":{"line":9,"column":67}},"7":{"start":{"line":10,"column":27},"end":{"line":10,"column":62}},"8":{"start":{"line":13,"column":0},"end":{"line":13,"column":23}},"9":{"start":{"line":15,"column":23},"end":{"line":15,"column":43}},"10":{"start":{"line":17,"column":22},"end":{"line":17,"column":41}},"11":{"start":{"line":19,"column":27},"end":{"line":19,"column":51}},"12":{"start":{"line":22,"column":0},"end":{"line":35,"column":2}},"13":{"start":{"line":23,"column":21},"end":{"line":23,"column":31}},"14":{"start":{"line":24,"column":15},"end":{"line":24,"column":42}},"15":{"start":{"line":26,"column":2},"end":{"line":26,"column":69}},"16":{"start":{"line":26,"column":13},"end":{"line":26,"column":69}},"17":{"start":{"line":28,"column":37},"end":{"line":28,"column":65}},"18":{"start":{"line":30,"column":2},"end":{"line":34,"column":4}},"19":{"start":{"line":37,"column":0},"end":{"line":60,"column":2}},"20":{"start":{"line":38,"column":2},"end":{"line":59,"column":3}},"21":{"start":{"line":39,"column":33},"end":{"line":39,"column":41}},"22":{"start":{"line":40,"column":22},"end":{"line":40,"column":36}},"23":{"start":{"line":42,"column":4},"end":{"line":46,"column":8}},"24":{"start":{"line":43,"column":6},"end":{"line":46,"column":8}},"25":{"start":{"line":48,"column":19},"end":{"line":52,"column":5}},"26":{"start":{"line":54,"column":4},"end":{"line":54,"column":60}},"27":{"start":{"line":54,"column":25},"end":{"line":54,"column":60}},"28":{"start":{"line":56,"column":4},"end":{"line":56,"column":32}},"29":{"start":{"line":58,"column":4},"end":{"line":58,"column":57}},"30":{"start":{"line":62,"column":0},"end":{"line":76,"column":2}},"31":{"start":{"line":63,"column":2},"end":{"line":75,"column":3}},"32":{"start":{"line":64,"column":32},"end":{"line":64,"column":42}},"33":{"start":{"line":65,"column":24},"end":{"line":67,"column":5}},"34":{"start":{"line":69,"column":4},"end":{"line":70,"column":71}},"35":{"start":{"line":70,"column":6},"end":{"line":70,"column":71}},"36":{"start":{"line":72,"column":4},"end":{"line":72,"column":44}},"37":{"start":{"line":74,"column":4},"end":{"line":74,"column":57}},"38":{"start":{"line":78,"column":0},"end":{"line":86,"column":2}},"39":{"start":{"line":79,"column":2},"end":{"line":85,"column":3}},"40":{"start":{"line":80,"column":21},"end":{"line":80,"column":58}},"41":{"start":{"line":82,"column":4},"end":{"line":82,"column":26}},"42":{"start":{"line":84,"column":4},"end":{"line":84,"column":57}},"43":{"start":{"line":88,"column":0},"end":{"line":104,"column":2}},"44":{"start":{"line":89,"column":2},"end":{"line":103,"column":3}},"45":{"start":{"line":90,"column":31},"end":{"line":90,"column":39}},"46":{"start":{"line":91,"column":22},"end":{"line":91,"column":36}},"47":{"start":{"line":93,"column":4},"end":{"line":96,"column":8}},"48":{"start":{"line":94,"column":6},"end":{"line":96,"column":8}},"49":{"start":{"line":98,"column":22},"end":{"line":98,"column":79}},"50":{"start":{"line":100,"column":4},"end":{"line":100,"column":42}},"51":{"start":{"line":102,"column":4},"end":{"line":102,"column":57}},"52":{"start":{"line":106,"column":0},"end":{"line":110,"column":2}},"53":{"start":{"line":107,"column":2},"end":{"line":109,"column":69}},"54":{"start":{"line":112,"column":13},"end":{"line":112,"column":37}},"55":{"start":{"line":116,"column":0},"end":{"line":122,"column":1}},"56":{"start":{"line":117,"column":2},"end":{"line":121,"column":4}},"57":{"start":{"line":118,"column":4},"end":{"line":120,"column":6}},"58":{"start":{"line":119,"column":6},"end":{"line":119,"column":69}},"59":{"start":{"line":124,"column":0},"end":{"line":124,"column":20}}},"fnMap":{"0":{"name":"(anonymous_0)","decl":{"start":{"line":22,"column":32},"end":{"line":22,"column":33}},"loc":{"start":{"line":22,"column":52},"end":{"line":35,"column":1}},"line":22},"1":{"name":"(anonymous_1)","decl":{"start":{"line":37,"column":22},"end":{"line":37,"column":23}},"loc":{"start":{"line":37,"column":42},"end":{"line":60,"column":1}},"line":37},"2":{"name":"(anonymous_2)","decl":{"start":{"line":62,"column":45},"end":{"line":62,"column":46}},"loc":{"start":{"line":62,"column":65},"end":{"line":76,"column":1}},"line":62},"3":{"name":"(anonymous_3)","decl":{"start":{"line":78,"column":27},"end":{"line":78,"column":28}},"loc":{"start":{"line":78,"column":47},"end":{"line":86,"column":1}},"line":78},"4":{"name":"(anonymous_4)","decl":{"start":{"line":88,"column":26},"end":{"line":88,"column":27}},"loc":{"start":{"line":88,"column":46},"end":{"line":104,"column":1}},"line":88},"5":{"name":"(anonymous_5)","decl":{"start":{"line":106,"column":19},"end":{"line":106,"column":20}},"loc":{"start":{"line":106,"column":39},"end":{"line":110,"column":1}},"line":106},"6":{"name":"(anonymous_6)","decl":{"start":{"line":117,"column":28},"end":{"line":117,"column":29}},"loc":{"start":{"line":117,"column":34},"end":{"line":121,"column":3}},"line":117},"7":{"name":"(anonymous_7)","decl":{"start":{"line":118,"column":30},"end":{"line":118,"column":31}},"loc":{"start":{"line":118,"column":36},"end":{"line":120,"column":5}},"line":118}},"branchMap":{"0":{"loc":{"start":{"line":26,"column":2},"end":{"line":26,"column":69}},"type":"if","locations":[{"start":{"line":26,"column":2},"end":{"line":26,"column":69}},{"start":{},"end":{}}],"line":26},"1":{"loc":{"start":{"line":42,"column":4},"end":{"line":46,"column":8}},"type":"if","locations":[{"start":{"line":42,"column":4},"end":{"line":46,"column":8}},{"start":{},"end":{}}],"line":42},"2":{"loc":{"start":{"line":42,"column":8},"end":{"line":42,"column":69}},"type":"binary-expr","locations":[{"start":{"line":42,"column":8},"end":{"line":42,"column":11}},{"start":{"line":42,"column":15},"end":{"line":42,"column":20}},{"start":{"line":42,"column":24},"end":{"line":42,"column":51}},{"start":{"line":42,"column":55},"end":{"line":42,"column":69}}],"line":42},"3":{"loc":{"start":{"line":54,"column":4},"end":{"line":54,"column":60}},"type":"if","locations":[{"start":{"line":54,"column":4},"end":{"line":54,"column":60}},{"start":{},"end":{}}],"line":54},"4":{"loc":{"start":{"line":69,"column":4},"end":{"line":70,"column":71}},"type":"if","locations":[{"start":{"line":69,"column":4},"end":{"line":70,"column":71}},{"start":{},"end":{}}],"line":69},"5":{"loc":{"start":{"line":93,"column":4},"end":{"line":96,"column":8}},"type":"if","locations":[{"start":{"line":93,"column":4},"end":{"line":96,"column":8}},{"start":{},"end":{}}],"line":93},"6":{"loc":{"start":{"line":93,"column":8},"end":{"line":93,"column":64}},"type":"binary-expr","locations":[{"start":{"line":93,"column":8},"end":{"line":93,"column":15}},{"start":{"line":93,"column":19},"end":{"line":93,"column":46}},{"start":{"line":93,"column":50},"end":{"line":93,"column":64}}],"line":93},"7":{"loc":{"start":{"line":112,"column":13},"end":{"line":112,"column":37}},"type":"binary-expr","locations":[{"start":{"line":112,"column":13},"end":{"line":112,"column":29}},{"start":{"line":112,"column":33},"end":{"line":112,"column":37}}],"line":112},"8":{"loc":{"start":{"line":116,"column":0},"end":{"line":122,"column":1}},"type":"if","locations":[{"start":{"line":116,"column":0},"end":{"line":122,"column":1}},{"start":{},"end":{}}],"line":116}},"s":{"0":1,"1":1,"2":1,"3":1,"4":1,"5":1,"6":1,"7":1,"8":1,"9":1,"10":1,"11":1,"12":1,"13":2,"14":2,"15":2,"16":1,"17":1,"18":1,"19":1,"20":3,"21":3,"22":3,"23":3,"24":0,"25":3,"26":1,"27":0,"28":1,"29":2,"30":1,"31":1,"32":1,"33":1,"34":1,"35":0,"36":1,"37":0,"38":1,"39":1,"40":1,"41":1,"42":0,"43":1,"44":2,"45":2,"46":2,"47":2,"48":1,"49":1,"50":1,"51":0,"52":1,"53":1,"54":1,"55":1,"56":0,"57":0,"58":0,"59":1},"f":{"0":2,"1":3,"2":1,"3":1,"4":2,"5":1,"6":0,"7":0},"b":{"0":[1,1],"1":[0,3],"2":[3,3,3,3],"3":[0,1],"4":[0,1],"5":[1,1],"6":[2,2,2],"7":[1,1],"8":[0,1]},"_coverageSchema":"1a1c01bbd47fc00a2c39e90264f33305004495a9","hash":"375dd84335ebd8274f0b01ae9e09ba9871eca0eb"}
,"/Users/apetsiampiah/Documents/Projects/swift-wallet/database/associations.js": {"path":"/Users/apetsiampiah/Documents/Projects/swift-wallet/database/associations.js","statementMap":{"0":{"start":{"line":1,"column":13},"end":{"line":1,"column":37}},"1":{"start":{"line":2,"column":20},"end":{"line":2,"column":51}},"2":{"start":{"line":3,"column":16},"end":{"line":3,"column":43}},"3":{"start":{"line":6,"column":2},"end":{"line":6,"column":65}},"4":{"start":{"line":7,"column":2},"end":{"line":10,"column":4}},"5":{"start":{"line":11,"column":2},"end":{"line":14,"column":4}},"6":{"start":{"line":16,"column":2},"end":{"line":16,"column":73}},"7":{"start":{"line":17,"column":2},"end":{"line":17,"column":74}},"8":{"start":{"line":19,"column":2},"end":{"line":19,"column":51}},"9":{"start":{"line":21,"column":2},"end":{"line":21,"column":40}},"10":{"start":{"line":24,"column":0},"end":{"line":24,"column":35}}},"fnMap":{"0":{"name":"defineAssociations","decl":{"start":{"line":5,"column":9},"end":{"line":5,"column":27}},"loc":{"start":{"line":5,"column":30},"end":{"line":22,"column":1}},"line":5}},"branchMap":{},"s":{"0":1,"1":1,"2":1,"3":1,"4":1,"5":1,"6":1,"7":1,"8":1,"9":1,"10":1},"f":{"0":1},"b":{},"_coverageSchema":"1a1c01bbd47fc00a2c39e90264f33305004495a9","hash":"0dd37c28fa834350d24932b881ce29cfb3594c8a"}
,"/Users/apetsiampiah/Documents/Projects/swift-wallet/database/initializeDatabase.js": {"path":"/Users/apetsiampiah/Documents/Projects/swift-wallet/database/initializeDatabase.js","statementMap":{"0":{"start":{"line":1,"column":18},"end":{"line":1,"column":40}},"1":{"start":{"line":2,"column":13},"end":{"line":2,"column":37}},"2":{"start":{"line":3,"column":16},"end":{"line":3,"column":43}},"3":{"start":{"line":4,"column":27},"end":{"line":4,"column":52}},"4":{"start":{"line":7,"column":27},"end":{"line":33,"column":1}},"5":{"start":{"line":8,"column":2},"end":{"line":8,"column":39}},"6":{"start":{"line":10,"column":2},"end":{"line":10,"column":41}},"7":{"start":{"line":12,"column":2},"end":{"line":12,"column":22}},"8":{"start":{"line":15,"column":2},"end":{"line":15,"column":63}},"9":{"start":{"line":16,"column":2},"end":{"line":16,"column":63}},"10":{"start":{"line":19,"column":2},"end":{"line":25,"column":4}},"11":{"start":{"line":26,"column":2},"end":{"line":32,"column":4}},"12":{"start":{"line":35,"column":0},"end":{"line":35,"column":35}}},"fnMap":{"0":{"name":"(anonymous_0)","decl":{"start":{"line":7,"column":27},"end":{"line":7,"column":28}},"loc":{"start":{"line":7,"column":39},"end":{"line":33,"column":1}},"line":7}},"branchMap":{},"s":{"0":1,"1":1,"2":1,"3":1,"4":1,"5":1,"6":1,"7":1,"8":1,"9":1,"10":1,"11":1,"12":1},"f":{"0":1},"b":{},"_coverageSchema":"1a1c01bbd47fc00a2c39e90264f33305004495a9","hash":"8d2980bcb8cf0f54cbf7d90ac6e51cc189add031"}
,"/Users/apetsiampiah/Documents/Projects/swift-wallet/database/sequelize.js": {"path":"/Users/apetsiampiah/Documents/Projects/swift-wallet/database/sequelize.js","statementMap":{"0":{"start":{"line":1,"column":22},"end":{"line":1,"column":42}},"1":{"start":{"line":7,"column":18},"end":{"line":11,"column":2}},"2":{"start":{"line":13,"column":0},"end":{"line":13,"column":26}}},"fnMap":{},"branchMap":{},"s":{"0":1,"1":1,"2":1},"f":{},"b":{},"_coverageSchema":"1a1c01bbd47fc00a2c39e90264f33305004495a9","hash":"87e678470a5aa07093e17bbe1946d079756b0d5c"}
,"/Users/apetsiampiah/Documents/Projects/swift-wallet/database/helperMethods/index.js": {"path":"/Users/apetsiampiah/Documents/Projects/swift-wallet/database/helperMethods/index.js","statementMap":{"0":{"start":{"line":1,"column":16},"end":{"line":1,"column":44}},"1":{"start":{"line":2,"column":18},"end":{"line":2,"column":41}},"2":{"start":{"line":5,"column":16},"end":{"line":5,"column":26}},"3":{"start":{"line":6,"column":2},"end":{"line":6,"column":32}},"4":{"start":{"line":6,"column":13},"end":{"line":6,"column":32}},"5":{"start":{"line":8,"column":19},"end":{"line":8,"column":51}},"6":{"start":{"line":10,"column":2},"end":{"line":12,"column":3}},"7":{"start":{"line":11,"column":4},"end":{"line":11,"column":59}},"8":{"start":{"line":14,"column":26},"end":{"line":14,"column":28}},"9":{"start":{"line":15,"column":14},"end":{"line":15,"column":15}},"10":{"start":{"line":17,"column":2},"end":{"line":21,"column":3}},"11":{"start":{"line":18,"column":19},"end":{"line":18,"column":45}},"12":{"start":{"line":19,"column":4},"end":{"line":19,"column":43}},"13":{"start":{"line":20,"column":4},"end":{"line":20,"column":19}},"14":{"start":{"line":23,"column":2},"end":{"line":23,"column":35}},"15":{"start":{"line":27,"column":12},"end":{"line":27,"column":58}},"16":{"start":{"line":29,"column":2},"end":{"line":51,"column":3}},"17":{"start":{"line":30,"column":22},"end":{"line":34,"column":6}},"18":{"start":{"line":36,"column":22},"end":{"line":36,"column":57}},"19":{"start":{"line":38,"column":4},"end":{"line":42,"column":5}},"20":{"start":{"line":39,"column":6},"end":{"line":41,"column":7}},"21":{"start":{"line":44,"column":4},"end":{"line":44,"column":67}},"22":{"start":{"line":46,"column":4},"end":{"line":46,"column":38}},"23":{"start":{"line":46,"column":22},"end":{"line":46,"column":38}},"24":{"start":{"line":47,"column":4},"end":{"line":47,"column":32}},"25":{"start":{"line":49,"column":4},"end":{"line":49,"column":40}},"26":{"start":{"line":49,"column":22},"end":{"line":49,"column":40}},"27":{"start":{"line":50,"column":4},"end":{"line":50,"column":15}},"28":{"start":{"line":54,"column":0},"end":{"line":57,"column":1}}},"fnMap":{"0":{"name":"getUserBalance","decl":{"start":{"line":4,"column":15},"end":{"line":4,"column":29}},"loc":{"start":{"line":4,"column":52},"end":{"line":24,"column":1}},"line":4},"1":{"name":"updateBalance","decl":{"start":{"line":26,"column":15},"end":{"line":26,"column":28}},"loc":{"start":{"line":26,"column":72},"end":{"line":52,"column":1}},"line":26}},"branchMap":{"0":{"loc":{"start":{"line":4,"column":38},"end":{"line":4,"column":50}},"type":"default-arg","locations":[{"start":{"line":4,"column":46},"end":{"line":4,"column":50}}],"line":4},"1":{"loc":{"start":{"line":6,"column":2},"end":{"line":6,"column":32}},"type":"if","locations":[{"start":{"line":6,"column":2},"end":{"line":6,"column":32}},{"start":{},"end":{}}],"line":6},"2":{"loc":{"start":{"line":10,"column":2},"end":{"line":12,"column":3}},"type":"if","locations":[{"start":{"line":10,"column":2},"end":{"line":12,"column":3}},{"start":{},"end":{}}],"line":10},"3":{"loc":{"start":{"line":11,"column":11},"end":{"line":11,"column":59}},"type":"cond-expr","locations":[{"start":{"line":11,"column":25},"end":{"line":11,"column":55}},{"start":{"line":11,"column":58},"end":{"line":11,"column":59}}],"line":11},"4":{"loc":{"start":{"line":26,"column":52},"end":{"line":26,"column":70}},"type":"default-arg","locations":[{"start":{"line":26,"column":66},"end":{"line":26,"column":70}}],"line":26},"5":{"loc":{"start":{"line":27,"column":12},"end":{"line":27,"column":58}},"type":"binary-expr","locations":[{"start":{"line":27,"column":12},"end":{"line":27,"column":23}},{"start":{"line":27,"column":28},"end":{"line":27,"column":57}}],"line":27},"6":{"loc":{"start":{"line":38,"column":4},"end":{"line":42,"column":5}},"type":"if","locations":[{"start":{"line":38,"column":4},"end":{"line":42,"column":5}},{"start":{},"end":{}}],"line":38},"7":{"loc":{"start":{"line":46,"column":4},"end":{"line":46,"column":38}},"type":"if","locations":[{"start":{"line":46,"column":4},"end":{"line":46,"column":38}},{"start":{},"end":{}}],"line":46},"8":{"loc":{"start":{"line":49,"column":4},"end":{"line":49,"column":40}},"type":"if","locations":[{"start":{"line":49,"column":4},"end":{"line":49,"column":40}},{"start":{},"end":{}}],"line":49}},"s":{"0":1,"1":1,"2":5,"3":5,"4":0,"5":5,"6":5,"7":0,"8":5,"9":5,"10":5,"11":25,"12":25,"13":25,"14":5,"15":2,"16":2,"17":2,"18":2,"19":2,"20":0,"21":2,"22":2,"23":2,"24":2,"25":0,"26":0,"27":0,"28":1},"f":{"0":5,"1":2},"b":{"0":[5],"1":[0,5],"2":[0,5],"3":[0,0],"4":[2],"5":[2,2],"6":[0,2],"7":[2,0],"8":[0,0]},"_coverageSchema":"1a1c01bbd47fc00a2c39e90264f33305004495a9","hash":"96c9009b7487851e5537b46be8250509c3cb3b10"}
,"/Users/apetsiampiah/Documents/Projects/swift-wallet/database/models/Balance.js": {"path":"/Users/apetsiampiah/Documents/Projects/swift-wallet/database/models/Balance.js","statementMap":{"0":{"start":{"line":1,"column":22},"end":{"line":1,"column":42}},"1":{"start":{"line":2,"column":18},"end":{"line":2,"column":41}},"2":{"start":{"line":3,"column":13},"end":{"line":3,"column":30}},"3":{"start":{"line":5,"column":16},"end":{"line":39,"column":1}},"4":{"start":{"line":41,"column":0},"end":{"line":41,"column":24}}},"fnMap":{},"branchMap":{},"s":{"0":1,"1":1,"2":1,"3":1,"4":1},"f":{},"b":{},"_coverageSchema":"1a1c01bbd47fc00a2c39e90264f33305004495a9","hash":"44128a35eb79b7b1cb5b357d6099735df5a00b08"}
,"/Users/apetsiampiah/Documents/Projects/swift-wallet/database/models/Transaction.js": {"path":"/Users/apetsiampiah/Documents/Projects/swift-wallet/database/models/Transaction.js","statementMap":{"0":{"start":{"line":1,"column":22},"end":{"line":1,"column":42}},"1":{"start":{"line":2,"column":18},"end":{"line":2,"column":41}},"2":{"start":{"line":3,"column":13},"end":{"line":3,"column":30}},"3":{"start":{"line":5,"column":20},"end":{"line":104,"column":1}},"4":{"start":{"line":106,"column":0},"end":{"line":106,"column":28}}},"fnMap":{},"branchMap":{},"s":{"0":1,"1":1,"2":1,"3":1,"4":1},"f":{},"b":{},"_coverageSchema":"1a1c01bbd47fc00a2c39e90264f33305004495a9","hash":"1b77e9b919009b394bc2e3d4c3e9dfac0739e04f"}
,"/Users/apetsiampiah/Documents/Projects/swift-wallet/database/models/User.js": {"path":"/Users/apetsiampiah/Documents/Projects/swift-wallet/database/models/User.js","statementMap":{"0":{"start":{"line":1,"column":22},"end":{"line":1,"column":42}},"1":{"start":{"line":2,"column":18},"end":{"line":2,"column":41}},"2":{"start":{"line":4,"column":13},"end":{"line":22,"column":1}},"3":{"start":{"line":24,"column":0},"end":{"line":24,"column":21}}},"fnMap":{},"branchMap":{},"s":{"0":1,"1":1,"2":1,"3":1},"f":{},"b":{},"_coverageSchema":"1a1c01bbd47fc00a2c39e90264f33305004495a9","hash":"bc296df7b174236dbdaefdf0de8e7d3b288d2795"}
,"/Users/apetsiampiah/Documents/Projects/swift-wallet/services/blockchain.js": {"path":"/Users/apetsiampiah/Documents/Projects/swift-wallet/services/blockchain.js","statementMap":{"0":{"start":{"line":1,"column":20},"end":{"line":1,"column":61}},"1":{"start":{"line":6,"column":28},"end":{"line":6,"column":78}},"2":{"start":{"line":7,"column":22},"end":{"line":7,"column":46}},"3":{"start":{"line":9,"column":4},"end":{"line":18,"column":5}},"4":{"start":{"line":22,"column":24},"end":{"line":24,"column":6}},"5":{"start":{"line":26,"column":4},"end":{"line":26,"column":62}},"6":{"start":{"line":26,"column":22},"end":{"line":26,"column":62}},"7":{"start":{"line":28,"column":4},"end":{"line":28,"column":31}},"8":{"start":{"line":32,"column":0},"end":{"line":32,"column":31}}},"fnMap":{"0":{"name":"(anonymous_0)","decl":{"start":{"line":5,"column":2},"end":{"line":5,"column":3}},"loc":{"start":{"line":5,"column":49},"end":{"line":19,"column":3}},"line":5},"1":{"name":"(anonymous_1)","decl":{"start":{"line":21,"column":2},"end":{"line":21,"column":3}},"loc":{"start":{"line":21,"column":40},"end":{"line":29,"column":3}},"line":21}},"branchMap":{"0":{"loc":{"start":{"line":26,"column":4},"end":{"line":26,"column":62}},"type":"if","locations":[{"start":{"line":26,"column":4},"end":{"line":26,"column":62}},{"start":{},"end":{}}],"line":26}},"s":{"0":1,"1":1,"2":1,"3":1,"4":1,"5":1,"6":0,"7":1,"8":1},"f":{"0":1,"1":1},"b":{"0":[0,1]},"_coverageSchema":"1a1c01bbd47fc00a2c39e90264f33305004495a9","hash":"6f66029f71402738bfbfdf750ecd6d173460b9ce"}
,"/Users/apetsiampiah/Documents/Projects/swift-wallet/services/bridgeManager.js": {"path":"/Users/apetsiampiah/Documents/Projects/swift-wallet/services/bridgeManager.js","statementMap":{"0":{"start":{"line":4,"column":42},"end":{"line":4,"column":78}},"1":{"start":{"line":5,"column":20},"end":{"line":5,"column":61}},"2":{"start":{"line":6,"column":13},"end":{"line":6,"column":47}},"3":{"start":{"line":7,"column":18},"end":{"line":7,"column":50}},"4":{"start":{"line":12,"column":4},"end":{"line":20,"column":5}},"5":{"start":{"line":24,"column":4},"end":{"line":24,"column":39}},"6":{"start":{"line":24,"column":31},"end":{"line":24,"column":39}},"7":{"start":{"line":25,"column":20},"end":{"line":25,"column":47}},"8":{"start":{"line":26,"column":17},"end":{"line":26,"column":36}},"9":{"start":{"line":28,"column":4},"end":{"line":28,"column":15}},"10":{"start":{"line":32,"column":14},"end":{"line":32,"column":43}},"11":{"start":{"line":34,"column":4},"end":{"line":84,"column":5}},"12":{"start":{"line":35,"column":19},"end":{"line":35,"column":46}},"13":{"start":{"line":36,"column":6},"end":{"line":36,"column":50}},"14":{"start":{"line":36,"column":17},"end":{"line":36,"column":50}},"15":{"start":{"line":38,"column":25},"end":{"line":38,"column":63}},"16":{"start":{"line":39,"column":28},"end":{"line":39,"column":47}},"17":{"start":{"line":41,"column":29},"end":{"line":41,"column":68}},"18":{"start":{"line":43,"column":6},"end":{"line":46,"column":9}},"19":{"start":{"line":44,"column":8},"end":{"line":46,"column":9}},"20":{"start":{"line":48,"column":36},"end":{"line":50,"column":27}},"21":{"start":{"line":51,"column":24},"end":{"line":51,"column":48}},"22":{"start":{"line":54,"column":6},"end":{"line":54,"column":60}},"23":{"start":{"line":57,"column":6},"end":{"line":57,"column":50}},"24":{"start":{"line":59,"column":32},"end":{"line":76,"column":7}},"25":{"start":{"line":78,"column":6},"end":{"line":78,"column":22}},"26":{"start":{"line":80,"column":6},"end":{"line":80,"column":39}},"27":{"start":{"line":82,"column":6},"end":{"line":82,"column":24}},"28":{"start":{"line":83,"column":6},"end":{"line":83,"column":17}},"29":{"start":{"line":88,"column":17},"end":{"line":88,"column":44}},"30":{"start":{"line":89,"column":4},"end":{"line":89,"column":48}},"31":{"start":{"line":89,"column":15},"end":{"line":89,"column":48}},"32":{"start":{"line":91,"column":32},"end":{"line":91,"column":60}},"33":{"start":{"line":92,"column":19},"end":{"line":92,"column":21}},"34":{"start":{"line":94,"column":4},"end":{"line":111,"column":5}},"35":{"start":{"line":95,"column":6},"end":{"line":95,"column":41}},"36":{"start":{"line":95,"column":33},"end":{"line":95,"column":41}},"37":{"start":{"line":97,"column":25},"end":{"line":97,"column":63}},"38":{"start":{"line":98,"column":30},"end":{"line":98,"column":63}},"39":{"start":{"line":100,"column":6},"end":{"line":110,"column":7}},"40":{"start":{"line":101,"column":8},"end":{"line":109,"column":10}},"41":{"start":{"line":114,"column":4},"end":{"line":134,"column":5}},"42":{"start":{"line":115,"column":6},"end":{"line":133,"column":7}},"43":{"start":{"line":116,"column":8},"end":{"line":116,"column":43}},"44":{"start":{"line":116,"column":35},"end":{"line":116,"column":43}},"45":{"start":{"line":118,"column":27},"end":{"line":118,"column":65}},"46":{"start":{"line":119,"column":32},"end":{"line":119,"column":65}},"47":{"start":{"line":121,"column":8},"end":{"line":132,"column":9}},"48":{"start":{"line":122,"column":10},"end":{"line":131,"column":12}},"49":{"start":{"line":137,"column":4},"end":{"line":137,"column":54}},"50":{"start":{"line":137,"column":26},"end":{"line":137,"column":53}},"51":{"start":{"line":139,"column":4},"end":{"line":139,"column":17}},"52":{"start":{"line":143,"column":0},"end":{"line":143,"column":30}}},"fnMap":{"0":{"name":"(anonymous_0)","decl":{"start":{"line":11,"column":2},"end":{"line":11,"column":3}},"loc":{"start":{"line":11,"column":16},"end":{"line":21,"column":3}},"line":11},"1":{"name":"(anonymous_1)","decl":{"start":{"line":23,"column":2},"end":{"line":23,"column":3}},"loc":{"start":{"line":23,"column":36},"end":{"line":29,"column":3}},"line":23},"2":{"name":"(anonymous_2)","decl":{"start":{"line":31,"column":2},"end":{"line":31,"column":3}},"loc":{"start":{"line":31,"column":58},"end":{"line":85,"column":3}},"line":31},"3":{"name":"(anonymous_3)","decl":{"start":{"line":87,"column":2},"end":{"line":87,"column":3}},"loc":{"start":{"line":87,"column":66},"end":{"line":140,"column":3}},"line":87},"4":{"name":"(anonymous_4)","decl":{"start":{"line":137,"column":16},"end":{"line":137,"column":17}},"loc":{"start":{"line":137,"column":26},"end":{"line":137,"column":53}},"line":137}},"branchMap":{"0":{"loc":{"start":{"line":24,"column":4},"end":{"line":24,"column":39}},"type":"if","locations":[{"start":{"line":24,"column":4},"end":{"line":24,"column":39}},{"start":{},"end":{}}],"line":24},"1":{"loc":{"start":{"line":36,"column":6},"end":{"line":36,"column":50}},"type":"if","locations":[{"start":{"line":36,"column":6},"end":{"line":36,"column":50}},{"start":{},"end":{}}],"line":36},"2":{"loc":{"start":{"line":43,"column":6},"end":{"line":46,"column":9}},"type":"if","locations":[{"start":{"line":43,"column":6},"end":{"line":46,"column":9}},{"start":{},"end":{}}],"line":43},"3":{"loc":{"start":{"line":89,"column":4},"end":{"line":89,"column":48}},"type":"if","locations":[{"start":{"line":89,"column":4},"end":{"line":89,"column":48}},{"start":{},"end":{}}],"line":89},"4":{"loc":{"start":{"line":95,"column":6},"end":{"line":95,"column":41}},"type":"if","locations":[{"start":{"line":95,"column":6},"end":{"line":95,"column":41}},{"start":{},"end":{}}],"line":95},"5":{"loc":{"start":{"line":100,"column":6},"end":{"line":110,"column":7}},"type":"if","locations":[{"start":{"line":100,"column":6},"end":{"line":110,"column":7}},{"start":{},"end":{}}],"line":100},"6":{"loc":{"start":{"line":114,"column":4},"end":{"line":134,"column":5}},"type":"if","locations":[{"start":{"line":114,"column":4},"end":{"line":134,"column":5}},{"start":{},"end":{}}],"line":114},"7":{"loc":{"start":{"line":116,"column":8},"end":{"line":116,"column":43}},"type":"if","locations":[{"start":{"line":116,"column":8},"end":{"line":116,"column":43}},{"start":{},"end":{}}],"line":116},"8":{"loc":{"start":{"line":121,"column":8},"end":{"line":132,"column":9}},"type":"if","locations":[{"start":{"line":121,"column":8},"end":{"line":132,"column":9}},{"start":{},"end":{}}],"line":121}},"s":{"0":1,"1":1,"2":1,"3":1,"4":1,"5":0,"6":0,"7":0,"8":0,"9":0,"10":0,"11":0,"12":0,"13":0,"14":0,"15":0,"16":0,"17":0,"18":0,"19":0,"20":0,"21":0,"22":0,"23":0,"24":0,"25":0,"26":0,"27":0,"28":0,"29":0,"30":0,"31":0,"32":0,"33":0,"34":0,"35":0,"36":0,"37":0,"38":0,"39":0,"40":0,"41":0,"42":0,"43":0,"44":0,"45":0,"46":0,"47":0,"48":0,"49":0,"50":0,"51":0,"52":1},"f":{"0":1,"1":0,"2":0,"3":0,"4":0},"b":{"0":[0,0],"1":[0,0],"2":[0,0],"3":[0,0],"4":[0,0],"5":[0,0],"6":[0,0],"7":[0,0],"8":[0,0]},"_coverageSchema":"1a1c01bbd47fc00a2c39e90264f33305004495a9","hash":"7242886f6e3cf4f4f00186d2ef0f4cf3fb8a67df"}
,"/Users/apetsiampiah/Documents/Projects/swift-wallet/services/chainSelector.js": {"path":"/Users/apetsiampiah/Documents/Projects/swift-wallet/services/chainSelector.js","statementMap":{"0":{"start":{"line":1,"column":27},"end":{"line":1,"column":63}},"1":{"start":{"line":2,"column":13},"end":{"line":2,"column":47}},"2":{"start":{"line":3,"column":23},"end":{"line":3,"column":50}},"3":{"start":{"line":4,"column":23},"end":{"line":4,"column":43}},"4":{"start":{"line":9,"column":17},"end":{"line":9,"column":44}},"5":{"start":{"line":11,"column":4},"end":{"line":11,"column":48}},"6":{"start":{"line":11,"column":15},"end":{"line":11,"column":48}},"7":{"start":{"line":14,"column":21},"end":{"line":14,"column":58}},"8":{"start":{"line":15,"column":32},"end":{"line":15,"column":60}},"9":{"start":{"line":18,"column":25},"end":{"line":25,"column":64}},"10":{"start":{"line":19,"column":29},"end":{"line":19,"column":61}},"11":{"start":{"line":20,"column":25},"end":{"line":24,"column":7}},"12":{"start":{"line":25,"column":22},"end":{"line":25,"column":63}},"13":{"start":{"line":27,"column":4},"end":{"line":42,"column":5}},"14":{"start":{"line":29,"column":38},"end":{"line":29,"column":66}},"15":{"start":{"line":31,"column":6},"end":{"line":39,"column":7}},"16":{"start":{"line":32,"column":8},"end":{"line":38,"column":9}},"17":{"start":{"line":41,"column":6},"end":{"line":41,"column":51}},"18":{"start":{"line":44,"column":4},"end":{"line":49,"column":5}},"19":{"start":{"line":53,"column":0},"end":{"line":53,"column":30}}},"fnMap":{"0":{"name":"(anonymous_0)","decl":{"start":{"line":8,"column":2},"end":{"line":8,"column":3}},"loc":{"start":{"line":8,"column":43},"end":{"line":50,"column":3}},"line":8},"1":{"name":"(anonymous_1)","decl":{"start":{"line":19,"column":14},"end":{"line":19,"column":15}},"loc":{"start":{"line":19,"column":29},"end":{"line":19,"column":61}},"line":19},"2":{"name":"(anonymous_2)","decl":{"start":{"line":20,"column":11},"end":{"line":20,"column":12}},"loc":{"start":{"line":20,"column":25},"end":{"line":24,"column":7}},"line":20},"3":{"name":"(anonymous_3)","decl":{"start":{"line":25,"column":12},"end":{"line":25,"column":13}},"loc":{"start":{"line":25,"column":22},"end":{"line":25,"column":63}},"line":25}},"branchMap":{"0":{"loc":{"start":{"line":11,"column":4},"end":{"line":11,"column":48}},"type":"if","locations":[{"start":{"line":11,"column":4},"end":{"line":11,"column":48}},{"start":{},"end":{}}],"line":11},"1":{"loc":{"start":{"line":27,"column":4},"end":{"line":42,"column":5}},"type":"if","locations":[{"start":{"line":27,"column":4},"end":{"line":42,"column":5}},{"start":{},"end":{}}],"line":27},"2":{"loc":{"start":{"line":31,"column":6},"end":{"line":39,"column":7}},"type":"if","locations":[{"start":{"line":31,"column":6},"end":{"line":39,"column":7}},{"start":{},"end":{}}],"line":31}},"s":{"0":1,"1":1,"2":1,"3":1,"4":3,"5":3,"6":0,"7":3,"8":3,"9":3,"10":15,"11":8,"12":12,"13":3,"14":1,"15":1,"16":0,"17":1,"18":2,"19":1},"f":{"0":3,"1":15,"2":8,"3":12},"b":{"0":[0,3],"1":[1,2],"2":[0,1]},"_coverageSchema":"1a1c01bbd47fc00a2c39e90264f33305004495a9","hash":"8bfe6e0b0c3fbe52dc4188842f3f33f6f0ca6e08"}
,"/Users/apetsiampiah/Documents/Projects/swift-wallet/services/gasPriceOracle.js": {"path":"/Users/apetsiampiah/Documents/Projects/swift-wallet/services/gasPriceOracle.js","statementMap":{"0":{"start":{"line":8,"column":4},"end":{"line":14,"column":5}},"1":{"start":{"line":16,"column":4},"end":{"line":20,"column":5}},"2":{"start":{"line":24,"column":52},"end":{"line":24,"column":73}},"3":{"start":{"line":25,"column":25},"end":{"line":25,"column":56}},"4":{"start":{"line":26,"column":31},"end":{"line":26,"column":62}},"5":{"start":{"line":27,"column":23},"end":{"line":27,"column":56}},"6":{"start":{"line":29,"column":4},"end":{"line":37,"column":5}},"7":{"start":{"line":41,"column":19},"end":{"line":41,"column":46}},"8":{"start":{"line":42,"column":18},"end":{"line":44,"column":5}},"9":{"start":{"line":43,"column":28},"end":{"line":43,"column":50}},"10":{"start":{"line":46,"column":4},"end":{"line":46,"column":16}},"11":{"start":{"line":50,"column":0},"end":{"line":50,"column":31}}},"fnMap":{"0":{"name":"(anonymous_0)","decl":{"start":{"line":3,"column":2},"end":{"line":3,"column":3}},"loc":{"start":{"line":3,"column":16},"end":{"line":21,"column":3}},"line":3},"1":{"name":"(anonymous_1)","decl":{"start":{"line":23,"column":2},"end":{"line":23,"column":3}},"loc":{"start":{"line":23,"column":26},"end":{"line":38,"column":3}},"line":23},"2":{"name":"(anonymous_2)","decl":{"start":{"line":40,"column":2},"end":{"line":40,"column":3}},"loc":{"start":{"line":40,"column":25},"end":{"line":47,"column":3}},"line":40},"3":{"name":"(anonymous_3)","decl":{"start":{"line":43,"column":17},"end":{"line":43,"column":18}},"loc":{"start":{"line":43,"column":28},"end":{"line":43,"column":50}},"line":43}},"branchMap":{},"s":{"0":3,"1":3,"2":20,"3":20,"4":20,"5":20,"6":20,"7":4,"8":4,"9":20,"10":4,"11":1},"f":{"0":3,"1":20,"2":4,"3":20},"b":{},"_coverageSchema":"1a1c01bbd47fc00a2c39e90264f33305004495a9","hash":"c6c4fcbb58d85248c0c730c74df75e8004dfd8a3"}
,"/Users/apetsiampiah/Documents/Projects/swift-wallet/services/transactionManager.js": {"path":"/Users/apetsiampiah/Documents/Projects/swift-wallet/services/transactionManager.js","statementMap":{"0":{"start":{"line":1,"column":22},"end":{"line":1,"column":48}},"1":{"start":{"line":2,"column":23},"end":{"line":2,"column":50}},"2":{"start":{"line":3,"column":19},"end":{"line":3,"column":42}},"3":{"start":{"line":4,"column":22},"end":{"line":4,"column":48}},"4":{"start":{"line":5,"column":13},"end":{"line":5,"column":47}},"5":{"start":{"line":6,"column":26},"end":{"line":6,"column":62}},"6":{"start":{"line":7,"column":18},"end":{"line":7,"column":50}},"7":{"start":{"line":8,"column":20},"end":{"line":8,"column":61}},"8":{"start":{"line":10,"column":22},"end":{"line":10,"column":41}},"9":{"start":{"line":11,"column":19},"end":{"line":11,"column":35}},"10":{"start":{"line":12,"column":23},"end":{"line":12,"column":43}},"11":{"start":{"line":13,"column":22},"end":{"line":13,"column":41}},"12":{"start":{"line":18,"column":21},"end":{"line":18,"column":52}},"13":{"start":{"line":19,"column":19},"end":{"line":19,"column":48}},"14":{"start":{"line":21,"column":4},"end":{"line":21,"column":54}},"15":{"start":{"line":21,"column":19},"end":{"line":21,"column":54}},"16":{"start":{"line":22,"column":4},"end":{"line":22,"column":55}},"17":{"start":{"line":22,"column":17},"end":{"line":22,"column":55}},"18":{"start":{"line":23,"column":4},"end":{"line":23,"column":69}},"19":{"start":{"line":23,"column":21},"end":{"line":23,"column":69}},"20":{"start":{"line":26,"column":22},"end":{"line":26,"column":80}},"21":{"start":{"line":29,"column":4},"end":{"line":31,"column":5}},"22":{"start":{"line":30,"column":6},"end":{"line":30,"column":71}},"23":{"start":{"line":33,"column":4},"end":{"line":33,"column":44}},"24":{"start":{"line":33,"column":28},"end":{"line":33,"column":44}},"25":{"start":{"line":35,"column":39},"end":{"line":35,"column":48}},"26":{"start":{"line":37,"column":14},"end":{"line":37,"column":43}},"27":{"start":{"line":39,"column":4},"end":{"line":79,"column":5}},"28":{"start":{"line":40,"column":32},"end":{"line":45,"column":7}},"29":{"start":{"line":48,"column":6},"end":{"line":48,"column":73}},"30":{"start":{"line":49,"column":6},"end":{"line":49,"column":58}},"31":{"start":{"line":52,"column":26},"end":{"line":68,"column":7}},"32":{"start":{"line":70,"column":6},"end":{"line":70,"column":22}},"33":{"start":{"line":72,"column":6},"end":{"line":75,"column":7}},"34":{"start":{"line":77,"column":6},"end":{"line":77,"column":24}},"35":{"start":{"line":78,"column":6},"end":{"line":78,"column":17}},"36":{"start":{"line":86,"column":21},"end":{"line":86,"column":58}},"37":{"start":{"line":87,"column":4},"end":{"line":87,"column":70}},"38":{"start":{"line":87,"column":28},"end":{"line":87,"column":69}},"39":{"start":{"line":89,"column":24},"end":{"line":89,"column":41}},"40":{"start":{"line":90,"column":26},"end":{"line":90,"column":55}},"41":{"start":{"line":93,"column":19},"end":{"line":97,"column":5}},"42":{"start":{"line":99,"column":4},"end":{"line":101,"column":5}},"43":{"start":{"line":100,"column":6},"end":{"line":100,"column":58}},"44":{"start":{"line":104,"column":22},"end":{"line":104,"column":31}},"45":{"start":{"line":105,"column":27},"end":{"line":105,"column":49}},"46":{"start":{"line":107,"column":4},"end":{"line":111,"column":5}},"47":{"start":{"line":108,"column":6},"end":{"line":110,"column":7}},"48":{"start":{"line":114,"column":21},"end":{"line":119,"column":5}},"49":{"start":{"line":122,"column":21},"end":{"line":127,"column":5}},"50":{"start":{"line":129,"column":14},"end":{"line":129,"column":43}},"51":{"start":{"line":130,"column":4},"end":{"line":168,"column":5}},"52":{"start":{"line":132,"column":6},"end":{"line":134,"column":8}},"53":{"start":{"line":135,"column":6},"end":{"line":135,"column":76}},"54":{"start":{"line":138,"column":26},"end":{"line":154,"column":7}},"55":{"start":{"line":156,"column":6},"end":{"line":156,"column":22}},"56":{"start":{"line":158,"column":6},"end":{"line":164,"column":7}},"57":{"start":{"line":166,"column":6},"end":{"line":166,"column":24}},"58":{"start":{"line":167,"column":6},"end":{"line":167,"column":17}},"59":{"start":{"line":172,"column":4},"end":{"line":172,"column":59}},"60":{"start":{"line":176,"column":0},"end":{"line":176,"column":35}}},"fnMap":{"0":{"name":"(anonymous_0)","decl":{"start":{"line":17,"column":2},"end":{"line":17,"column":3}},"loc":{"start":{"line":17,"column":57},"end":{"line":80,"column":3}},"line":17},"1":{"name":"(anonymous_1)","decl":{"start":{"line":82,"column":2},"end":{"line":82,"column":3}},"loc":{"start":{"line":82,"column":56},"end":{"line":169,"column":3}},"line":82},"2":{"name":"(anonymous_2)","decl":{"start":{"line":87,"column":18},"end":{"line":87,"column":19}},"loc":{"start":{"line":87,"column":28},"end":{"line":87,"column":69}},"line":87},"3":{"name":"(anonymous_3)","decl":{"start":{"line":171,"column":2},"end":{"line":171,"column":3}},"loc":{"start":{"line":171,"column":46},"end":{"line":173,"column":3}},"line":171}},"branchMap":{"0":{"loc":{"start":{"line":21,"column":4},"end":{"line":21,"column":54}},"type":"if","locations":[{"start":{"line":21,"column":4},"end":{"line":21,"column":54}},{"start":{},"end":{}}],"line":21},"1":{"loc":{"start":{"line":22,"column":4},"end":{"line":22,"column":55}},"type":"if","locations":[{"start":{"line":22,"column":4},"end":{"line":22,"column":55}},{"start":{},"end":{}}],"line":22},"2":{"loc":{"start":{"line":23,"column":4},"end":{"line":23,"column":69}},"type":"if","locations":[{"start":{"line":23,"column":4},"end":{"line":23,"column":69}},{"start":{},"end":{}}],"line":23},"3":{"loc":{"start":{"line":29,"column":4},"end":{"line":31,"column":5}},"type":"if","locations":[{"start":{"line":29,"column":4},"end":{"line":31,"column":5}},{"start":{},"end":{}}],"line":29},"4":{"loc":{"start":{"line":29,"column":8},"end":{"line":29,"column":65}},"type":"binary-expr","locations":[{"start":{"line":29,"column":8},"end":{"line":29,"column":26}},{"start":{"line":29,"column":30},"end":{"line":29,"column":65}}],"line":29},"5":{"loc":{"start":{"line":33,"column":4},"end":{"line":33,"column":44}},"type":"if","locations":[{"start":{"line":33,"column":4},"end":{"line":33,"column":44}},{"start":{},"end":{}}],"line":33},"6":{"loc":{"start":{"line":99,"column":4},"end":{"line":101,"column":5}},"type":"if","locations":[{"start":{"line":99,"column":4},"end":{"line":101,"column":5}},{"start":{},"end":{}}],"line":99},"7":{"loc":{"start":{"line":107,"column":4},"end":{"line":111,"column":5}},"type":"if","locations":[{"start":{"line":107,"column":4},"end":{"line":111,"column":5}},{"start":{},"end":{}}],"line":107}},"s":{"0":1,"1":1,"2":1,"3":1,"4":1,"5":1,"6":1,"7":1,"8":1,"9":1,"10":1,"11":1,"12":3,"13":3,"14":3,"15":1,"16":2,"17":0,"18":2,"19":0,"20":2,"21":1,"22":0,"23":1,"24":0,"25":1,"26":1,"27":1,"28":1,"29":1,"30":1,"31":1,"32":1,"33":1,"34":0,"35":0,"36":0,"37":0,"38":0,"39":0,"40":0,"41":0,"42":0,"43":0,"44":0,"45":0,"46":0,"47":0,"48":0,"49":0,"50":0,"51":0,"52":0,"53":0,"54":0,"55":0,"56":0,"57":0,"58":0,"59":1,"60":1},"f":{"0":3,"1":0,"2":0,"3":1},"b":{"0":[1,2],"1":[0,2],"2":[0,2],"3":[0,1],"4":[1,0],"5":[0,1],"6":[0,0],"7":[0,0]},"_coverageSchema":"1a1c01bbd47fc00a2c39e90264f33305004495a9","hash":"489b46e4e4d800d66357307f10e6d4a4bda6a5d3"}
}
