TN:
SF:server.js
FN:22,(anonymous_0)
FN:37,(anonymous_1)
FN:62,(anonymous_2)
FN:78,(anonymous_3)
FN:88,(anonymous_4)
FN:106,(anonymous_5)
FN:117,(anonymous_6)
FN:118,(anonymous_7)
FNF:8
FNH:6
FNDA:2,(anonymous_0)
FNDA:3,(anonymous_1)
FNDA:1,(anonymous_2)
FNDA:1,(anonymous_3)
FNDA:2,(anonymous_4)
FNDA:1,(anonymous_5)
FNDA:0,(anonymous_6)
FNDA:0,(anonymous_7)
DA:1,1
DA:2,1
DA:4,1
DA:5,1
DA:6,1
DA:7,1
DA:9,1
DA:10,1
DA:13,1
DA:15,1
DA:17,1
DA:19,1
DA:22,1
DA:23,2
DA:24,2
DA:26,2
DA:28,1
DA:30,1
DA:37,1
DA:38,3
DA:39,3
DA:40,3
DA:42,3
DA:43,0
DA:48,3
DA:54,1
DA:56,1
DA:58,2
DA:62,1
DA:63,1
DA:64,1
DA:65,1
DA:69,1
DA:70,0
DA:72,1
DA:74,0
DA:78,1
DA:79,1
DA:80,1
DA:82,1
DA:84,0
DA:88,1
DA:89,2
DA:90,2
DA:91,2
DA:93,2
DA:94,1
DA:98,1
DA:100,1
DA:102,0
DA:106,1
DA:107,1
DA:112,1
DA:116,1
DA:117,0
DA:118,0
DA:119,0
DA:124,1
LF:58
LH:50
BRDA:26,0,0,1
BRDA:26,0,1,1
BRDA:42,1,0,0
BRDA:42,1,1,3
BRDA:42,2,0,3
BRDA:42,2,1,3
BRDA:42,2,2,3
BRDA:42,2,3,3
BRDA:54,3,0,0
BRDA:54,3,1,1
BRDA:69,4,0,0
BRDA:69,4,1,1
BRDA:93,5,0,1
BRDA:93,5,1,1
BRDA:93,6,0,2
BRDA:93,6,1,2
BRDA:93,6,2,2
BRDA:112,7,0,1
BRDA:112,7,1,1
BRDA:116,8,0,0
BRDA:116,8,1,1
BRF:21
BRH:17
end_of_record
TN:
SF:database/associations.js
FN:5,defineAssociations
FNF:1
FNH:1
FNDA:1,defineAssociations
DA:1,1
DA:2,1
DA:3,1
DA:6,1
DA:7,1
DA:11,1
DA:16,1
DA:17,1
DA:19,1
DA:21,1
DA:24,1
LF:11
LH:11
BRF:0
BRH:0
end_of_record
TN:
SF:database/initializeDatabase.js
FN:7,(anonymous_0)
FNF:1
FNH:1
FNDA:1,(anonymous_0)
DA:1,1
DA:2,1
DA:3,1
DA:4,1
DA:7,1
DA:8,1
DA:10,1
DA:12,1
DA:15,1
DA:16,1
DA:19,1
DA:26,1
DA:35,1
LF:13
LH:13
BRF:0
BRH:0
end_of_record
TN:
SF:database/sequelize.js
FNF:0
FNH:0
DA:1,1
DA:7,1
DA:13,1
LF:3
LH:3
BRF:0
BRH:0
end_of_record
TN:
SF:database/helperMethods/index.js
FN:4,getUserBalance
FN:26,updateBalance
FNF:2
FNH:2
FNDA:5,getUserBalance
FNDA:2,updateBalance
DA:1,1
DA:2,1
DA:5,5
DA:6,5
DA:8,5
DA:10,5
DA:11,0
DA:14,5
DA:15,5
DA:17,5
DA:18,25
DA:19,25
DA:20,25
DA:23,5
DA:27,2
DA:29,2
DA:30,2
DA:36,2
DA:38,2
DA:39,0
DA:44,2
DA:46,2
DA:47,2
DA:49,0
DA:50,0
DA:54,1
LF:26
LH:22
BRDA:4,0,0,5
BRDA:6,1,0,0
BRDA:6,1,1,5
BRDA:10,2,0,0
BRDA:10,2,1,5
BRDA:11,3,0,0
BRDA:11,3,1,0
BRDA:26,4,0,2
BRDA:27,5,0,2
BRDA:27,5,1,2
BRDA:38,6,0,0
BRDA:38,6,1,2
BRDA:46,7,0,2
BRDA:46,7,1,0
BRDA:49,8,0,0
BRDA:49,8,1,0
BRF:16
BRH:8
end_of_record
TN:
SF:database/models/Balance.js
FNF:0
FNH:0
DA:1,1
DA:2,1
DA:3,1
DA:5,1
DA:41,1
LF:5
LH:5
BRF:0
BRH:0
end_of_record
TN:
SF:database/models/Transaction.js
FNF:0
FNH:0
DA:1,1
DA:2,1
DA:3,1
DA:5,1
DA:106,1
LF:5
LH:5
BRF:0
BRH:0
end_of_record
TN:
SF:database/models/User.js
FNF:0
FNH:0
DA:1,1
DA:2,1
DA:4,1
DA:24,1
LF:4
LH:4
BRF:0
BRH:0
end_of_record
TN:
SF:services/blockchain.js
FN:5,(anonymous_0)
FN:21,(anonymous_1)
FNF:2
FNH:2
FNDA:1,(anonymous_0)
FNDA:1,(anonymous_1)
DA:1,1
DA:6,1
DA:7,1
DA:9,1
DA:22,1
DA:26,1
DA:28,1
DA:32,1
LF:8
LH:8
BRDA:26,0,0,0
BRDA:26,0,1,1
BRF:2
BRH:1
end_of_record
TN:
SF:services/bridgeManager.js
FN:11,(anonymous_0)
FN:23,(anonymous_1)
FN:31,(anonymous_2)
FN:87,(anonymous_3)
FN:137,(anonymous_4)
FNF:5
FNH:1
FNDA:1,(anonymous_0)
FNDA:0,(anonymous_1)
FNDA:0,(anonymous_2)
FNDA:0,(anonymous_3)
FNDA:0,(anonymous_4)
DA:4,1
DA:5,1
DA:6,1
DA:7,1
DA:12,1
DA:24,0
DA:25,0
DA:26,0
DA:28,0
DA:32,0
DA:34,0
DA:35,0
DA:36,0
DA:38,0
DA:39,0
DA:41,0
DA:43,0
DA:44,0
DA:48,0
DA:51,0
DA:54,0
DA:57,0
DA:59,0
DA:78,0
DA:80,0
DA:82,0
DA:83,0
DA:88,0
DA:89,0
DA:91,0
DA:92,0
DA:94,0
DA:95,0
DA:97,0
DA:98,0
DA:100,0
DA:101,0
DA:114,0
DA:115,0
DA:116,0
DA:118,0
DA:119,0
DA:121,0
DA:122,0
DA:137,0
DA:139,0
DA:143,1
LF:47
LH:6
BRDA:24,0,0,0
BRDA:24,0,1,0
BRDA:36,1,0,0
BRDA:36,1,1,0
BRDA:43,2,0,0
BRDA:43,2,1,0
BRDA:89,3,0,0
BRDA:89,3,1,0
BRDA:95,4,0,0
BRDA:95,4,1,0
BRDA:100,5,0,0
BRDA:100,5,1,0
BRDA:114,6,0,0
BRDA:114,6,1,0
BRDA:116,7,0,0
BRDA:116,7,1,0
BRDA:121,8,0,0
BRDA:121,8,1,0
BRF:18
BRH:0
end_of_record
TN:
SF:services/chainSelector.js
FN:8,(anonymous_0)
FN:19,(anonymous_1)
FN:20,(anonymous_2)
FN:25,(anonymous_3)
FNF:4
FNH:4
FNDA:3,(anonymous_0)
FNDA:15,(anonymous_1)
FNDA:8,(anonymous_2)
FNDA:12,(anonymous_3)
DA:1,1
DA:2,1
DA:3,1
DA:4,1
DA:9,3
DA:11,3
DA:14,3
DA:15,3
DA:18,3
DA:19,15
DA:20,8
DA:25,12
DA:27,3
DA:29,1
DA:31,1
DA:32,0
DA:41,1
DA:44,2
DA:53,1
LF:19
LH:18
BRDA:11,0,0,0
BRDA:11,0,1,3
BRDA:27,1,0,1
BRDA:27,1,1,2
BRDA:31,2,0,0
BRDA:31,2,1,1
BRF:6
BRH:4
end_of_record
TN:
SF:services/gasPriceOracle.js
FN:3,(anonymous_0)
FN:23,(anonymous_1)
FN:40,(anonymous_2)
FN:43,(anonymous_3)
FNF:4
FNH:4
FNDA:3,(anonymous_0)
FNDA:20,(anonymous_1)
FNDA:4,(anonymous_2)
FNDA:20,(anonymous_3)
DA:8,3
DA:16,3
DA:24,20
DA:25,20
DA:26,20
DA:27,20
DA:29,20
DA:41,4
DA:42,4
DA:43,20
DA:46,4
DA:50,1
LF:12
LH:12
BRF:0
BRH:0
end_of_record
TN:
SF:services/transactionManager.js
FN:17,(anonymous_0)
FN:82,(anonymous_1)
FN:87,(anonymous_2)
FN:171,(anonymous_3)
FNF:4
FNH:2
FNDA:3,(anonymous_0)
FNDA:0,(anonymous_1)
FNDA:0,(anonymous_2)
FNDA:1,(anonymous_3)
DA:1,1
DA:2,1
DA:3,1
DA:4,1
DA:5,1
DA:6,1
DA:7,1
DA:8,1
DA:10,1
DA:11,1
DA:12,1
DA:13,1
DA:18,3
DA:19,3
DA:21,3
DA:22,2
DA:23,2
DA:26,2
DA:29,1
DA:30,0
DA:33,1
DA:35,1
DA:37,1
DA:39,1
DA:40,1
DA:48,1
DA:49,1
DA:52,1
DA:70,1
DA:72,1
DA:77,0
DA:78,0
DA:86,0
DA:87,0
DA:89,0
DA:90,0
DA:93,0
DA:99,0
DA:100,0
DA:104,0
DA:105,0
DA:107,0
DA:108,0
DA:114,0
DA:122,0
DA:129,0
DA:130,0
DA:132,0
DA:135,0
DA:138,0
DA:156,0
DA:158,0
DA:166,0
DA:167,0
DA:172,1
DA:176,1
LF:56
LH:31
BRDA:21,0,0,1
BRDA:21,0,1,2
BRDA:22,1,0,0
BRDA:22,1,1,2
BRDA:23,2,0,0
BRDA:23,2,1,2
BRDA:29,3,0,0
BRDA:29,3,1,1
BRDA:29,4,0,1
BRDA:29,4,1,0
BRDA:33,5,0,0
BRDA:33,5,1,1
BRDA:99,6,0,0
BRDA:99,6,1,0
BRDA:107,7,0,0
BRDA:107,7,1,0
BRF:16
BRH:7
end_of_record
